Arguments: 
  /usr/bin/node /usr/share/yarn/bin/yarn.js init

PATH: 
  /home/svx/.local/bin:/home/svx/bin:/home/svx/.npm-packages/bin:/usr/local/sbin:/usr/local/bin:/usr/sbin:/usr/bin:/sbin:/bin:/usr/games:/usr/local/games:/snap/bin:/snap/bin:/home/svx/.yarn/bin:/usr/local/go/bin:./linuxbrew/bin/:/usr/local/go/bin

Yarn version: 
  1.22.5

Node version: 
  16.15.0

Platform: 
  linux x64

Trace: 
  SyntaxError: /home/svx/Projects/ocl/dr-bunsen/package.json: Unexpected token } in JSON at position 323
      at JSON.parse (<anonymous>)
      at /usr/share/yarn/lib/cli.js:1625:59
      at Generator.next (<anonymous>)
      at step (/usr/share/yarn/lib/cli.js:310:30)
      at /usr/share/yarn/lib/cli.js:321:13

npm manifest: 
  No manifest

yarn manifest: 
  No manifest

Lockfile: 
  No lockfile
